Unity Editor version:    2021.3.23f1 (213b516bf396)
Branch:                  2021.3/staging
Build type:              Release
Batch mode:              YES
macOS version:           Version 12.3 (Build 21E230)
Darwin version:          21.4.0
Architecture:            arm64
Running under Rosetta:   NO
Available memory:        16384 MB
Using pre-set license
Pro License: YES

COMMAND LINE ARGUMENTS:
/Applications/Unity/Hub/Editor/2021.3.23f1/Unity.app/Contents/MacOS/Unity
-adb2
-batchMode
-noUpm
-name
AssetImportWorker0
-projectPath
/Users/jjcoldiron/Documents/GitHub/Unicorn-Chronicles
-logFile
Logs/AssetImportWorker0.log
-srvPort
50177
Successfully changed project path to: /Users/jjcoldiron/Documents/GitHub/Unicorn-Chronicles
/Users/jjcoldiron/Documents/GitHub/Unicorn-Chronicles
[UnityMemory] Configuration Parameters - Can be set up in boot.config
    "memorysetup-bucket-allocator-granularity=16"
    "memorysetup-bucket-allocator-bucket-count=8"
    "memorysetup-bucket-allocator-block-size=33554432"
    "memorysetup-bucket-allocator-block-count=8"
    "memorysetup-main-allocator-block-size=16777216"
    "memorysetup-thread-allocator-block-size=16777216"
    "memorysetup-gfx-main-allocator-block-size=16777216"
    "memorysetup-gfx-thread-allocator-block-size=16777216"
    "memorysetup-cache-allocator-block-size=4194304"
    "memorysetup-typetree-allocator-block-size=2097152"
    "memorysetup-profiler-bucket-allocator-granularity=16"
    "memorysetup-profiler-bucket-allocator-bucket-count=8"
    "memorysetup-profiler-bucket-allocator-block-size=33554432"
    "memorysetup-profiler-bucket-allocator-block-count=8"
    "memorysetup-profiler-allocator-block-size=16777216"
    "memorysetup-profiler-editor-allocator-block-size=1048576"
    "memorysetup-temp-allocator-size-main=16777216"
    "memorysetup-job-temp-allocator-block-size=2097152"
    "memorysetup-job-temp-allocator-block-size-background=1048576"
    "memorysetup-job-temp-allocator-reduction-small-platforms=262144"
    "memorysetup-temp-allocator-size-background-worker=32768"
    "memorysetup-temp-allocator-size-job-worker=262144"
    "memorysetup-temp-allocator-size-preload-manager=33554432"
    "memorysetup-temp-allocator-size-nav-mesh-worker=65536"
    "memorysetup-temp-allocator-size-audio-worker=65536"
    "memorysetup-temp-allocator-size-cloud-worker=32768"
    "memorysetup-temp-allocator-size-gi-baking-worker=262144"
    "memorysetup-temp-allocator-size-gfx=262144"
Player connection [4461856128] Host "[IP] 192.168.1.10 [Port] 0 [Flags] 2 [Guid] 3412571926 [EditorId] 3412571926 [Version] 1048832 [Id] OSXEditor(0,JJs-MacBook-Pro.local) [Debug] 1 [PackageName] OSXEditor [ProjectName] Editor" joined multi-casting on [225.0.0.222:54997]...

Player connection [4461856128] Host "[IP] 192.168.1.10 [Port] 0 [Flags] 2 [Guid] 3412571926 [EditorId] 3412571926 [Version] 1048832 [Id] OSXEditor(0,JJs-MacBook-Pro.local) [Debug] 1 [PackageName] OSXEditor [ProjectName] Editor" joined alternative multi-casting on [225.0.0.222:34997]...

Refreshing native plugins compatible for Editor in 66.29 ms, found 3 plugins.
Preloading 0 native plugins for Editor in 0.00 ms.
Initialize engine version: 2021.3.23f1 (213b516bf396)
[Subsystems] Discovering subsystems at path /Applications/Unity/Hub/Editor/2021.3.23f1/Unity.app/Contents/Resources/UnitySubsystems
[Subsystems] Discovering subsystems at path /Users/jjcoldiron/Documents/GitHub/Unicorn-Chronicles/Assets
GfxDevice: creating device client; threaded=0; jobified=0
 preferred device: Apple M1 Pro (high power)
Metal devices available: 1
0: Apple M1 Pro (high power)
Using device Apple M1 Pro (high power)
Initializing Metal device caps: Apple M1 Pro
Initialize mono
Mono path[0] = '/Applications/Unity/Hub/Editor/2021.3.23f1/Unity.app/Contents/Managed'
Mono path[1] = '/Applications/Unity/Hub/Editor/2021.3.23f1/Unity.app/Contents/MonoBleedingEdge/lib/mono/unityjit-macos'
Mono config path = '/Applications/Unity/Hub/Editor/2021.3.23f1/Unity.app/Contents/MonoBleedingEdge/etc'
Using monoOptions --debugger-agent=transport=dt_socket,embedding=1,server=y,suspend=n,address=127.0.0.1:56724
Begin MonoManager ReloadAssembly
Registering precompiled unity dll's ...
Register platform support module: /Applications/Unity/Hub/Editor/2021.3.23f1/Unity.app/Contents/PlaybackEngines/MacStandaloneSupport/UnityEditor.OSXStandalone.Extensions.dll
Registered in 0.001090 seconds.
Native extension for OSXStandalone target not found
Refreshing native plugins compatible for Editor in 65.31 ms, found 3 plugins.
Preloading 0 native plugins for Editor in 0.00 ms.
Mono: successfully reloaded assembly
- Completed reload, in  0.427 seconds
Domain Reload Profiling:
	ReloadAssembly (428ms)
		BeginReloadAssembly (61ms)
			ExecutionOrderSort (0ms)
			DisableScriptedObjects (0ms)
			BackupInstance (0ms)
			ReleaseScriptingObjects (0ms)
			CreateAndSetChildDomain (0ms)
		EndReloadAssembly (307ms)
			LoadAssemblies (61ms)
			RebuildTransferFunctionScriptingTraits (0ms)
			SetupTypeCache (75ms)
			ReleaseScriptCaches (0ms)
			RebuildScriptCaches (21ms)
			SetupLoadedEditorAssemblies (181ms)
				LogAssemblyErrors (0ms)
				InitializePlatformSupportModulesInManaged (4ms)
				SetLoadedEditorAssemblies (0ms)
				RefreshPlugins (65ms)
				BeforeProcessingInitializeOnLoad (1ms)
				ProcessInitializeOnLoadAttributes (82ms)
				ProcessInitializeOnLoadMethodAttributes (29ms)
				AfterProcessingInitializeOnLoad (0ms)
				EditorAssembliesLoaded (0ms)
			ExecutionOrderSort2 (0ms)
			AwakeInstancesAfterBackupRestoration (0ms)
Platform modules already initialized, skipping
Registering precompiled user dll's ...
Registered in 0.003603 seconds.
Begin MonoManager ReloadAssembly
Symbol file LoadedFromMemory doesn't match image /Users/jjcoldiron/Documents/GitHub/Unicorn-Chronicles/Library/PackageCache/com.unity.visualscripting@1.8.0/Editor/VisualScripting.Core/Dependencies/YamlDotNet/Unity.VisualScripting.YamlDotNet.dll
Symbol file LoadedFromMemory doesn't match image /Users/jjcoldiron/Documents/GitHub/Unicorn-Chronicles/Library/PackageCache/com.unity.visualscripting@1.8.0/Editor/VisualScripting.Core/Dependencies/DotNetZip/Unity.VisualScripting.IonicZip.dll
Native extension for OSXStandalone target not found
Refreshing native plugins compatible for Editor in 0.40 ms, found 3 plugins.
Preloading 0 native plugins for Editor in 0.00 ms.
Mono: successfully reloaded assembly
- Completed reload, in  0.691 seconds
Domain Reload Profiling:
	ReloadAssembly (691ms)
		BeginReloadAssembly (68ms)
			ExecutionOrderSort (0ms)
			DisableScriptedObjects (3ms)
			BackupInstance (0ms)
			ReleaseScriptingObjects (0ms)
			CreateAndSetChildDomain (20ms)
		EndReloadAssembly (556ms)
			LoadAssemblies (52ms)
			RebuildTransferFunctionScriptingTraits (0ms)
			SetupTypeCache (191ms)
			ReleaseScriptCaches (0ms)
			RebuildScriptCaches (42ms)
			SetupLoadedEditorAssemblies (243ms)
				LogAssemblyErrors (0ms)
				InitializePlatformSupportModulesInManaged (2ms)
				SetLoadedEditorAssemblies (0ms)
				RefreshPlugins (0ms)
				BeforeProcessingInitializeOnLoad (53ms)
				ProcessInitializeOnLoadAttributes (173ms)
				ProcessInitializeOnLoadMethodAttributes (13ms)
				AfterProcessingInitializeOnLoad (1ms)
				EditorAssembliesLoaded (0ms)
			ExecutionOrderSort2 (0ms)
			AwakeInstancesAfterBackupRestoration (2ms)
Platform modules already initialized, skipping
========================================================================
Worker process is ready to serve import requests
Launching external process: /Applications/Unity/Hub/Editor/2021.3.23f1/Unity.app/Contents/Tools/UnityShaderCompiler
Launched and connected shader compiler UnityShaderCompiler after 0.04 seconds
Refreshing native plugins compatible for Editor in 0.42 ms, found 3 plugins.
Preloading 0 native plugins for Editor in 0.00 ms.
Unloading 3534 Unused Serialized files (Serialized files now loaded: 0)
Unloading 56 unused Assets / (1.4 MB). Loaded Objects now: 3974.
Memory consumption went from 131.5 MB to 130.0 MB.
Total: 2.334208 ms (FindLiveObjects: 0.121875 ms CreateObjectMapping: 0.042542 ms MarkObjects: 1.882167 ms  DeleteObjects: 0.286833 ms)

AssetImportParameters requested are different than current active one (requested -> active):
  custom:video-decoder-ogg-theora: a1e56fd34408186e4bbccfd4996cb3dc -> 
  custom:container-muxer-webm: aa71ff27fc2769a1b78a27578f13a17b -> 
  custom:container-demuxer-webm: 4f35f7cbe854078d1ac9338744f61a02 -> 
  custom:video-encoder-webm-vp8: eb34c28f22e8b96e1ab97ce403110664 -> 
  custom:framework-osx-AVFoundation: e770b220cccbd017edd2c1fefb359320 -> 
  custom:audio-encoder-webm-vorbis: bf7c407c2cedff20999df2af8eb42d56 -> 
  custom:container-demuxer-ogg: 62fdf1f143b41e24485cea50d1cbac27 -> 
  custom:video-decoder-webm-vp8: 9c59270c3fd7afecdb556c50c9e8de78 -> 
  custom:audio-decoder-ogg-vorbis: bf7c407c2cedff20999df2af8eb42d56 -> 
========================================================================
Received Import Request.
  Time since last request: 2592393.050999 seconds.
  path: Assets/Common/NewLayer 3.terrainlayer
  artifactKey: Guid(51b30b034029e2341a9be0a473123368) Importer(815301076,1909f56bfc062723c751e8b465ee728b)
Start importing Assets/Common/NewLayer 3.terrainlayer using Guid(51b30b034029e2341a9be0a473123368) Importer(815301076,1909f56bfc062723c751e8b465ee728b)  -> (artifact id: '8faf96ce125e773a93e16ee9746be6dc') in 0.093760 seconds 
========================================================================
Received Import Request.
  Time since last request: 0.000051 seconds.
  path: Assets/Common/CollectablePrefab.prefab
  artifactKey: Guid(e3008bc458a1741d780a5a4f847346dc) Importer(815301076,1909f56bfc062723c751e8b465ee728b)
Start importing Assets/Common/CollectablePrefab.prefab using Guid(e3008bc458a1741d780a5a4f847346dc) Importer(815301076,1909f56bfc062723c751e8b465ee728b)  -> (artifact id: 'b5ef2d3c2cf363e8300aa6a979da0f34') in 0.216026 seconds 
========================================================================
Received Import Request.
  Time since last request: 0.000131 seconds.
  path: Assets/Common/CommonAssembly.asmdef
  artifactKey: Guid(6b61b0e70cb78ce48bbb12a030f1fe56) Importer(815301076,1909f56bfc062723c751e8b465ee728b)
Start importing Assets/Common/CommonAssembly.asmdef using Guid(6b61b0e70cb78ce48bbb12a030f1fe56) Importer(815301076,1909f56bfc062723c751e8b465ee728b)  -> (artifact id: '0ab30d86165f9219a033a34e4746a65f') in 0.025309 seconds 
========================================================================
Received Import Request.
  Time since last request: 0.000046 seconds.
  path: Assets/Common/New Terrain.asset
  artifactKey: Guid(5638c479918835a4bb814d17cfd1bf7a) Importer(815301076,1909f56bfc062723c751e8b465ee728b)
Start importing Assets/Common/New Terrain.asset using Guid(5638c479918835a4bb814d17cfd1bf7a) Importer(815301076,1909f56bfc062723c751e8b465ee728b)  -> (artifact id: 'b6ac0573503b54aaae2efe350e15742d') in 0.040258 seconds 
========================================================================
Received Import Request.
  Time since last request: 0.000040 seconds.
  path: Assets/Common/NewLayer 1.terrainlayer
  artifactKey: Guid(127996081de482a4f96f375fc70c6be4) Importer(815301076,1909f56bfc062723c751e8b465ee728b)
Start importing Assets/Common/NewLayer 1.terrainlayer using Guid(127996081de482a4f96f375fc70c6be4) Importer(815301076,1909f56bfc062723c751e8b465ee728b)  -> (artifact id: '446bab63b21c6cfb8a16d67c07bea705') in 0.002839 seconds 
========================================================================
Received Import Request.
  Time since last request: 0.000046 seconds.
  path: Assets/Common/NewLayer.terrainlayer
  artifactKey: Guid(ea209de408b17f649853e832cd5b82ef) Importer(815301076,1909f56bfc062723c751e8b465ee728b)
Start importing Assets/Common/NewLayer.terrainlayer using Guid(ea209de408b17f649853e832cd5b82ef) Importer(815301076,1909f56bfc062723c751e8b465ee728b)  -> (artifact id: '543d3af8b7cc473ed81d46becea9b184') in 0.003992 seconds 
========================================================================
Received Import Request.
  Time since last request: 2.863068 seconds.
  path: Assets/Common/Scripts
  artifactKey: Guid(8502efada6ecca14d8f6ccc7399dd8a9) Importer(815301076,1909f56bfc062723c751e8b465ee728b)
Start importing Assets/Common/Scripts using Guid(8502efada6ecca14d8f6ccc7399dd8a9) Importer(815301076,1909f56bfc062723c751e8b465ee728b)  -> (artifact id: 'ed323e62a58ac91e7adc72dd47e00b83') in 0.000669 seconds 
========================================================================
Received Import Request.
  Time since last request: 2.644018 seconds.
  path: Assets/Common/Scripts/Question
  artifactKey: Guid(eca386389d142df4c80bd7af93f06cbb) Importer(815301076,1909f56bfc062723c751e8b465ee728b)
Start importing Assets/Common/Scripts/Question using Guid(eca386389d142df4c80bd7af93f06cbb) Importer(815301076,1909f56bfc062723c751e8b465ee728b)  -> (artifact id: '79412bc0db532b714f17d93a4d4e0705') in 0.000851 seconds 
========================================================================
Received Import Request.
  Time since last request: 1.404347 seconds.
  path: Assets/Common/Scripts/Question/Question.cs
  artifactKey: Guid(ba2e90f8c54619440aa5033a49b3f613) Importer(815301076,1909f56bfc062723c751e8b465ee728b)
Start importing Assets/Common/Scripts/Question/Question.cs using Guid(ba2e90f8c54619440aa5033a49b3f613) Importer(815301076,1909f56bfc062723c751e8b465ee728b)  -> (artifact id: '35c0eadb4377f88bee5dc835d89aa482') in 0.161804 seconds 
========================================================================
Received Import Request.
  Time since last request: 112.678321 seconds.
  path: Assets/Common/Scenes/Game 1.unity
  artifactKey: Guid(57eed5628841f5241a85650dab38d1de) Importer(815301076,1909f56bfc062723c751e8b465ee728b)
Start importing Assets/Common/Scenes/Game 1.unity using Guid(57eed5628841f5241a85650dab38d1de) Importer(815301076,1909f56bfc062723c751e8b465ee728b)  -> (artifact id: 'a5c8e9177e8fee17da92e9bdda5bdae4') in 0.001238 seconds 
========================================================================
Received Import Request.
  Time since last request: 5.206573 seconds.
  path: Assets/Common/Scenes/Game 2.unity
  artifactKey: Guid(fa378c3bef1714416af3ee3dafabe013) Importer(815301076,1909f56bfc062723c751e8b465ee728b)
Start importing Assets/Common/Scenes/Game 2.unity using Guid(fa378c3bef1714416af3ee3dafabe013) Importer(815301076,1909f56bfc062723c751e8b465ee728b)  -> (artifact id: 'ac996a803bee1f97cb1a4023d4f828d2') in 0.001483 seconds 
========================================================================
Received Import Request.
  Time since last request: 5.907729 seconds.
  path: Assets/Common/Scenes/Game 3.unity
  artifactKey: Guid(11a9dc87f970f2b499671257ef5d612e) Importer(815301076,1909f56bfc062723c751e8b465ee728b)
Start importing Assets/Common/Scenes/Game 3.unity using Guid(11a9dc87f970f2b499671257ef5d612e) Importer(815301076,1909f56bfc062723c751e8b465ee728b)  -> (artifact id: 'eb9bfd9de5e99f72b7e495bd9099747b') in 0.000735 seconds 
========================================================================
Received Import Request.
  Time since last request: 23.798443 seconds.
  path: Assets/Common/Scenes/Game.unity
  artifactKey: Guid(cc81428dd46bc7c4cbb0b636f2f2a145) Importer(815301076,1909f56bfc062723c751e8b465ee728b)
Start importing Assets/Common/Scenes/Game.unity using Guid(cc81428dd46bc7c4cbb0b636f2f2a145) Importer(815301076,1909f56bfc062723c751e8b465ee728b)  -> (artifact id: '820ac344d3d08e9a9c1f8c18ca67a359') in 0.001065 seconds 
